<?xml version="1.0" encoding="UTF-8"?>
<!-- Generated by org.testng.reporters.JUnitXMLReporter -->
<testsuite ignored="0" hostname="root.local" failures="0" tests="7" name="Default test" time="1.854" errors="0" timestamp="2020-08-24T05:43:58 EDT">
  <testcase classname="testCase.T001_Get" name="genderCheck" time="0.178"/>
  <testcase classname="testCase.T001_Get" name="test1" time="1.637"/>
  <testcase classname="testCase.T001_Get" name="test2" time="0.002"/>
  <testcase classname="testCase.T001_Get" name="idCheck" time="0.001"/>
  <testcase classname="testCase.T001_Get" name="firstNameCheck" time="0.002"/>
  <testcase classname="testCase.T001_Get" name="lastNameCheck" time="0.001"/>
  <testcase classname="testCase.T001_Get" name="ageCheck" time="0.002"/>
</testsuite> <!-- Default test -->
