<?xml version="1.0" encoding="UTF-8"?>
<testng-results ignored="0" total="7" passed="7" failed="0" skipped="0">
  <reporter-output>
  </reporter-output>
  <suite started-at="2020-08-24T05:43:51 EDT" name="Default suite" finished-at="2020-08-24T05:43:53 EDT" duration-ms="1854">
    <groups>
    </groups>
    <test started-at="2020-08-24T05:43:51 EDT" name="Default test" finished-at="2020-08-24T05:43:53 EDT" duration-ms="1854">
      <class name="testCase.T001_Get">
        <test-method signature="genderCheck()[pri:0, instance:testCase.T001_Get@418c5a9c]" started-at="2020-08-24T05:43:51 EDT" name="genderCheck" finished-at="2020-08-24T05:43:51 EDT" duration-ms="178" status="PASS">
          <reporter-output>
          </reporter-output>
        </test-method> <!-- genderCheck -->
        <test-method signature="test1()[pri:1, instance:testCase.T001_Get@418c5a9c]" started-at="2020-08-24T05:43:51 EDT" name="test1" finished-at="2020-08-24T05:43:53 EDT" duration-ms="1637" status="PASS">
          <reporter-output>
          </reporter-output>
        </test-method> <!-- test1 -->
        <test-method signature="test2()[pri:2, instance:testCase.T001_Get@418c5a9c]" started-at="2020-08-24T05:43:53 EDT" name="test2" finished-at="2020-08-24T05:43:53 EDT" duration-ms="2" status="PASS">
          <reporter-output>
          </reporter-output>
        </test-method> <!-- test2 -->
        <test-method signature="idCheck()[pri:3, instance:testCase.T001_Get@418c5a9c]" started-at="2020-08-24T05:43:53 EDT" name="idCheck" finished-at="2020-08-24T05:43:53 EDT" duration-ms="1" status="PASS">
          <reporter-output>
          </reporter-output>
        </test-method> <!-- idCheck -->
        <test-method signature="firstNameCheck()[pri:4, instance:testCase.T001_Get@418c5a9c]" started-at="2020-08-24T05:43:53 EDT" name="firstNameCheck" finished-at="2020-08-24T05:43:53 EDT" duration-ms="2" status="PASS">
          <reporter-output>
          </reporter-output>
        </test-method> <!-- firstNameCheck -->
        <test-method signature="lastNameCheck()[pri:5, instance:testCase.T001_Get@418c5a9c]" started-at="2020-08-24T05:43:53 EDT" name="lastNameCheck" finished-at="2020-08-24T05:43:53 EDT" duration-ms="1" status="PASS">
          <reporter-output>
          </reporter-output>
        </test-method> <!-- lastNameCheck -->
        <test-method signature="ageCheck()[pri:6, instance:testCase.T001_Get@418c5a9c]" started-at="2020-08-24T05:43:53 EDT" name="ageCheck" finished-at="2020-08-24T05:43:53 EDT" duration-ms="2" status="PASS">
          <reporter-output>
          </reporter-output>
        </test-method> <!-- ageCheck -->
      </class> <!-- testCase.T001_Get -->
    </test> <!-- Default test -->
  </suite> <!-- Default suite -->
</testng-results>
